TN:
SF:src\clientService.js
FN:4,addClient
FN:25,(anonymous_1)
FN:34,getClients
FN:38,updateClient
FN:39,(anonymous_4)
FN:44,(anonymous_5)
FN:52,deleteClient
FN:53,(anonymous_7)
FN:56,(anonymous_8)
FN:61,resetClients
FNF:10
FNH:10
FNDA:15,addClient
FNDA:3,(anonymous_1)
FNDA:2,getClients
FNDA:3,updateClient
FNDA:3,(anonymous_4)
FNDA:2,(anonymous_5)
FNDA:2,deleteClient
FNDA:1,(anonymous_7)
FNDA:1,(anonymous_8)
FNDA:14,resetClients
DA:2,1
DA:5,15
DA:6,1
DA:9,14
DA:10,1
DA:13,13
DA:14,1
DA:17,12
DA:18,1
DA:21,11
DA:22,1
DA:25,10
DA:26,1
DA:29,9
DA:30,9
DA:31,9
DA:35,2
DA:39,3
DA:40,3
DA:41,1
DA:44,2
DA:45,1
DA:48,1
DA:49,1
DA:53,2
DA:54,1
DA:56,1
DA:57,1
DA:58,1
DA:62,14
DA:65,1
LF:31
LH:31
BRDA:5,0,0,1
BRDA:5,0,1,14
BRDA:9,1,0,1
BRDA:9,1,1,13
BRDA:13,2,0,1
BRDA:13,2,1,12
BRDA:17,3,0,1
BRDA:17,3,1,11
BRDA:21,4,0,1
BRDA:21,4,1,10
BRDA:21,5,0,11
BRDA:21,5,1,10
BRDA:25,6,0,1
BRDA:25,6,1,9
BRDA:40,7,0,1
BRDA:40,7,1,2
BRDA:44,8,0,1
BRDA:44,8,1,1
BRDA:53,9,0,1
BRDA:53,9,1,1
BRF:20
BRH:20
end_of_record
